Arguments: 
  /usr/bin/node /usr/bin/yarn init yarn

PATH: 
  /usr/local/sbin:/usr/local/bin:/usr/sbin:/usr/bin:/sbin:/bin:/usr/games:/usr/local/games:/snap/bin

Yarn version: 
  1.6.0

Node version: 
  8.11.2

Platform: 
  linux x64

Trace: 
  Error: canceled
      at Interface.<anonymous> (/usr/lib/node_modules/yarn/lib/cli.js:129516:13)
      at emitNone (events.js:106:13)
      at Interface.emit (events.js:208:7)
      at Interface._ttyWrite (readline.js:774:16)
      at ReadStream.onkeypress (readline.js:158:10)
      at emitTwo (events.js:126:13)
      at ReadStream.emit (events.js:214:7)
      at emitKeys (internal/readline.js:420:14)
      at emitKeys.next (<anonymous>)
      at ReadStream.onData (readline.js:1010:36)

npm manifest: 
  {
    "name": "simple-chat",
    "version": "1.0.0",
    "description": "simple-chat-rest",
    "main": "server.js",
    "scripts": {
      "test": "echo \"Error: no test specified\" && exit 1",
      "start": "node server.js"
    },
    "repository": {
      "type": "git",
      "url": "git+https://github.com/Nirilanto/simple-chat.git"
    },
    "author": "RAHERIMIHAJA Tokiniaina Nirilanto Venerand",
    "license": "ISC",
    "bugs": {
      "url": "https://github.com/Nirilanto/simple-chat/issues"
    },
    "homepage": "https://github.com/Nirilanto/simple-chat#readme"
  }

yarn manifest: 
  No manifest

Lockfile: 
  No lockfile
